<?xml version="1.0" encoding="UTF-8"?>
<testsuite name="com.sales.app.server.service.salesboundedcontext.sales.MaterialTestCase" tests="6" skipped="0" failures="0" errors="0" timestamp="2016-06-01T14:02:01" hostname="c96680859b64" time="2.92">
  <properties/>
  <testcase name="test1Save" classname="com.sales.app.server.service.salesboundedcontext.sales.MaterialTestCase" time="1.306"/>
  <testcase name="test2Update" classname="com.sales.app.server.service.salesboundedcontext.sales.MaterialTestCase" time="0.498"/>
  <testcase name="test3FindById" classname="com.sales.app.server.service.salesboundedcontext.sales.MaterialTestCase" time="0.013"/>
  <testcase name="test3findBybrandcode" classname="com.sales.app.server.service.salesboundedcontext.sales.MaterialTestCase" time="0.013"/>
  <testcase name="test5NegativeTesting" classname="com.sales.app.server.service.salesboundedcontext.sales.MaterialTestCase" time="0.014"/>
  <testcase name="test6Delete" classname="com.sales.app.server.service.salesboundedcontext.sales.MaterialTestCase" time="1.074"/>
  <system-out><![CDATA[Wed Jun 01 14:02:01 UTC 2016|Log Manager Factory|Initialization Process started.....
Wed Jun 01 14:02:01 UTC 2016|Log Manager|Initialized with Path = [/home/applifire/workspace/salesdemo/src/main/webapp/WEB-INF/conf]
Wed Jun 01 14:02:01 UTC 2016|Alarm Manager|Initialized with Path = [/home/applifire/workspace/salesdemo/src/main/webapp/WEB-INF/conf]
Wed Jun 01 14:02:01 UTC 2016|Alarm Manager|Loading Alarms ......
Wed Jun 01 14:02:01 UTC 2016|Alarm XML Parser|FWA|XML Parsing Complete........ 
Wed Jun 01 14:02:01 UTC 2016|Alarm File Manager|FWA|Alarm File Status.. [ApplicationFrameworkAlarms.xml]|Version=15|Status=Done 
Wed Jun 01 14:02:01 UTC 2016|Alarm File Manager|FWA|Alarm Stats = ( BC/AL=4/564 SYS=4/10 [564/0]  TPL=0/0 [0/0]  APP= A.Map=[645]  E.Map EC/RC=[237/66] )
Wed Jun 01 14:02:01 UTC 2016|Alarm XML Parser|APP|XML Parsing Complete........ 
Wed Jun 01 14:02:01 UTC 2016|Alarm File Manager|APP|Alarm File Status.. [ApplicationAlarms.xml]|Version=1|Status=Done 
Wed Jun 01 14:02:01 UTC 2016|Alarm File Manager|APP|Alarm Stats = ( BC/AL=7/1050 SYS=4/10 [564/0]  TPL=0/0 [0/0]  APP=3/6 [486/0]  A.Map=[975]  E.Map EC/RC=[375/88] )
Wed Jun 01 14:02:01 UTC 2016|ApplicationAlarmContext| <><><><><> Create App Alarms ....  <><><><><> 
Wed Jun 01 14:02:01 UTC 2016|ApplicationAlarmContext|Alarms are generated ONLY in Development Mode.. 
Wed Jun 01 14:02:01 UTC 2016|Alarm Manager|APP|Alarm Stats = ( BC/AL=7/1050 SYS=4/10 [564/0]  TPL=0/0 [0/0]  APP=3/6 [486/0]  A.Map=[975]  E.Map EC/RC=[375/88] )
Wed Jun 01 14:02:01 UTC 2016|Alarm Manager|Initialized Exception Lookup...
Wed Jun 01 14:02:01 UTC 2016|Log Manager|Initialize Log Config File ......
Wed Jun 01 14:02:01 UTC 2016|Pluggable Connectors|Adding Connectors : StandardOutputConnector isEnabled=true isDefault=false isFallBack=true
Wed Jun 01 14:02:01 UTC 2016|Pluggable Connectors|Adding Connectors : StandardFileConnector isEnabled=true isDefault=false isFallBack=false
Wed Jun 01 14:02:01 UTC 2016|Pluggable Connectors|Adding Connectors : Sprinkler isEnabled=true isDefault=true isFallBack=false
Wed Jun 01 14:02:01 UTC 2016|Pluggable Connectors|Default Connector Name : com.spartan.logger.core.LogMessenger
Wed Jun 01 14:02:01 UTC 2016|Log Config Parser|Connector Least Log Level =[4]  FallBack Log Level =[3]
Wed Jun 01 14:02:01 UTC 2016|Log Manager|Loading Default Connector for Logging ......
Wed Jun 01 14:02:01 UTC 2016|Log Manager|Loading class .. com.spartan.logger.core.LogMessenger
Wed Jun 01 14:02:01 UTC 2016|Plugggable Connector|Connector class com.spartan.logger.core.LogMessenger Initialized... @ Log Level = 3
Wed Jun 01 14:02:01 UTC 2016|Log Manager|Starting the Default Connector [com.spartan.logger.core.LogMessenger@7d4527a0] ....
Wed Jun 01 14:02:01 UTC 2016|Scheduler|Starting the Scheduler ......
Wed Jun 01 14:02:01 UTC 2016|Scheduler|Adding [LMID=[f157ff5d-084f-4341-858b-080187cf4d8f]] Delay=5 Time Unit=MINUTES
Wed Jun 01 14:02:01 UTC 2016|Scheduler|Adding [App Alarm Manager File=[ApplicationAlarms.xml]] Delay=30 Time Unit=MINUTES
Wed Jun 01 14:02:01 UTC 2016|Scheduler|Adding [FW Alarm Manager File=[ApplicationFrameworkAlarms.xml]] Delay=3 Time Unit=MINUTES
Wed Jun 01 14:02:01 UTC 2016|Scheduler|Startup Completed..
Wed Jun 01 14:02:01 UTC 2016|Log Manager|Initialization Process Complete ......
Wed Jun 01 14:02:01 UTC 2016|Log Manager Factory|Log Manager READY! ID = f157ff5d-084f-4341-858b-080187cf4d8f
[EL Fine]: sql: 2016-06-01 14:02:01.979--ClientSession(1777886936)--Connection(1967072805)--Thread(Thread[Test worker,5,main])--INSERT INTO ast_Category_M (categoryId, categoryInformation, versionId, createdBy, createdDate, updatedBy, updatedDate, activeStatus, txnAccessCode) VALUES (?, ?, ?, ?, ?, ?, ?, ?, ?)
	bind => [01C2B149-2966-4A45-A42C-C7481E99A2C4, ofStyUJXKjKPBQAUpa0jCX6DWMzuSayzexwjszh0E1XYFtEICS, 1, AAAAA, 2016-06-01 14:02:01.976, AAAAA, 2016-06-01 14:02:01.976, 1, 51000]
[EL Fine]: sql: 2016-06-01 14:02:02.33--ClientSession(1069620389)--Connection(1967072805)--Thread(Thread[Test worker,5,main])--INSERT INTO ast_Brand_M (brandcode, branddesc, categoryId, versionId, createdBy, createdDate, updatedBy, updatedDate, activeStatus, txnAccessCode) VALUES (?, ?, ?, ?, ?, ?, ?, ?, ?, ?)
	bind => [2356E8DC-CB95-495A-8FBF-6D415D33898F, Hci7KAuk0LMswCcI7kRq4ZO2SqXrsmPSGCZcjBOVrShy2qC5Qk, 01C2B149-2966-4A45-A42C-C7481E99A2C4, 1, AAAAA, 2016-06-01 14:02:01.976, AAAAA, 2016-06-01 14:02:01.976, 1, 51000]
Setting logged in user info for ADD
[EL Fine]: sql: 2016-06-01 14:02:02.713--ClientSession(2043898835)--Connection(1967072805)--Thread(Thread[Test worker,5,main])--INSERT INTO ast_Material_M (materialcode, brandcode, materialdesc, versionId, createdBy, createdDate, updatedBy, updatedDate, activeStatus, txnAccessCode) VALUES (?, ?, ?, ?, ?, ?, ?, ?, ?, ?)
	bind => [04151CA8-E14E-4008-A01D-2A34C002BE88, 2356E8DC-CB95-495A-8FBF-6D415D33898F, 7EBj7ke4L9fcdmJnRVy9EVtJHkAvbsiyb1Cihhd495njQrr20m, 1, AAAAA, 2016-06-01 14:02:02.711, AAAAA, 2016-06-01 14:02:02.711, 1, 51000]
[EL Fine]: sql: 2016-06-01 14:02:03.251--ClientSession(486282777)--Connection(1967072805)--Thread(Thread[Test worker,5,main])--SELECT materialcode, brandcode, materialdesc, versionId, createdBy, createdDate, updatedBy, updatedDate, activeStatus, txnAccessCode FROM ast_Material_M WHERE ((activeStatus = ?) AND (materialcode = ?))
	bind => [1, 04151CA8-E14E-4008-A01D-2A34C002BE88]
Setting logged in user info for UPDATE
[EL Fine]: sql: 2016-06-01 14:02:03.256--ClientSession(1779126160)--Connection(1967072805)--Thread(Thread[Test worker,5,main])--SELECT materialcode, brandcode, materialdesc, versionId, createdBy, createdDate, updatedBy, updatedDate, activeStatus, txnAccessCode FROM ast_Material_M WHERE (materialcode = ?)
	bind => [04151CA8-E14E-4008-A01D-2A34C002BE88]
[EL Fine]: sql: 2016-06-01 14:02:03.257--ClientSession(1779126160)--Connection(1967072805)--Thread(Thread[Test worker,5,main])--UPDATE ast_Material_M SET materialdesc = ?, versionId = ? WHERE ((materialcode = ?) AND (versionId = ?))
	bind => [4foJH7KmPXATqBWgBtQggO0yUcaPmYkIgXxhYmHMnx3q9UzAz4, 2, 04151CA8-E14E-4008-A01D-2A34C002BE88, 1]
[EL Fine]: sql: 2016-06-01 14:02:03.753--ClientSession(1974923390)--Connection(1967072805)--Thread(Thread[Test worker,5,main])--SELECT materialcode, brandcode, materialdesc, versionId, createdBy, createdDate, updatedBy, updatedDate, activeStatus, txnAccessCode FROM ast_Material_M WHERE ((activeStatus = ?) AND (materialcode = ?))
	bind => [1, 04151CA8-E14E-4008-A01D-2A34C002BE88]
[EL Fine]: sql: 2016-06-01 14:02:03.767--ClientSession(546503939)--Connection(1967072805)--Thread(Thread[Test worker,5,main])--SELECT materialcode, brandcode, materialdesc, versionId, createdBy, createdDate, updatedBy, updatedDate, activeStatus, txnAccessCode FROM ast_Material_M WHERE ((activeStatus = ?) AND (brandcode = ?))
	bind => [1, 2356E8DC-CB95-495A-8FBF-6D415D33898F]
[EL Fine]: sql: 2016-06-01 14:02:03.793--ClientSession(104605736)--Connection(1967072805)--Thread(Thread[Test worker,5,main])--SELECT materialcode, brandcode, materialdesc, versionId, createdBy, createdDate, updatedBy, updatedDate, activeStatus, txnAccessCode FROM ast_Material_M WHERE (materialcode = ?)
	bind => [04151CA8-E14E-4008-A01D-2A34C002BE88]
[EL Fine]: sql: 2016-06-01 14:02:03.795--ClientSession(104605736)--Connection(1967072805)--Thread(Thread[Test worker,5,main])--DELETE FROM ast_Material_M WHERE ((materialcode = ?) AND (versionId = ?))
	bind => [04151CA8-E14E-4008-A01D-2A34C002BE88, 2]
[EL Fine]: sql: 2016-06-01 14:02:04.035--ClientSession(157530341)--Connection(1967072805)--Thread(Thread[Test worker,5,main])--SELECT brandcode, branddesc, categoryId, versionId, createdBy, createdDate, updatedBy, updatedDate, activeStatus, txnAccessCode FROM ast_Brand_M WHERE (brandcode = ?)
	bind => [2356E8DC-CB95-495A-8FBF-6D415D33898F]
[EL Fine]: sql: 2016-06-01 14:02:04.037--ClientSession(157530341)--Connection(1967072805)--Thread(Thread[Test worker,5,main])--DELETE FROM ast_Brand_M WHERE ((brandcode = ?) AND (versionId = ?))
	bind => [2356E8DC-CB95-495A-8FBF-6D415D33898F, 1]
[EL Fine]: sql: 2016-06-01 14:02:04.643--ClientSession(88446229)--Connection(1967072805)--Thread(Thread[Test worker,5,main])--SELECT categoryId, categoryInformation, versionId, createdBy, createdDate, updatedBy, updatedDate, activeStatus, txnAccessCode FROM ast_Category_M WHERE (categoryId = ?)
	bind => [01C2B149-2966-4A45-A42C-C7481E99A2C4]
[EL Fine]: sql: 2016-06-01 14:02:04.645--ClientSession(88446229)--Connection(1967072805)--Thread(Thread[Test worker,5,main])--DELETE FROM ast_Category_M WHERE ((categoryId = ?) AND (versionId = ?))
	bind => [01C2B149-2966-4A45-A42C-C7481E99A2C4, 1]
AlarmFileScheduler started
Wed Jun 01 14:02:04 UTC 2016|Alarm Manager|Initialized with Path = [/home/applifire/workspace/salesdemo/src/main/webapp/WEB-INF/conf]
Wed Jun 01 14:02:04 UTC 2016|Alarm XML Parser|FWA|XML Parsing Complete........ 
Wed Jun 01 14:02:04 UTC 2016|Alarm File Manager|FWA|Alarm File Status.. [ApplicationFrameworkAlarms.xml]|Version=15|Status=Done 
Wed Jun 01 14:02:04 UTC 2016|Alarm File Manager|FWA|Alarm Stats = ( BC/AL=4/564 SYS=4/10 [564/0]  TPL=0/0 [0/0]  APP= A.Map=[645]  E.Map EC/RC=[237/66] )
Wed Jun 01 14:02:04 UTC 2016|Alarm XML Parser|APP|XML Parsing Complete........ 
Wed Jun 01 14:02:04 UTC 2016|Alarm File Manager|APP|Alarm File Status.. [ApplicationAlarms.xml]|Version=1|Status=Done 
Wed Jun 01 14:02:04 UTC 2016|Alarm File Manager|APP|Alarm Stats = ( BC/AL=7/1050 SYS=4/10 [564/0]  TPL=0/0 [0/0]  APP=3/6 [486/0]  A.Map=[975]  E.Map EC/RC=[375/88] )
[EL Fine]: sql: 2016-06-01 14:02:04.734--ClientSession(1138030844)--Connection(1793175594)--Thread(Thread[Timer-7,5,main])--SELECT loggerPkId, active_status, alarmData, alarmType, alarmVersion, created_by, created_date, updated_by, updated_date, version_id FROM art_log_alarm WHERE (alarmType = ?)
	bind => [2]
]]></system-out>
  <system-err><![CDATA[Material.materialdesc may not be null
java.lang.SecurityException: Material.materialdesc may not be null
	at com.athena.server.pluggable.utils.helper.EntityValidatorHelper.validateEntity(EntityValidatorHelper.java:37)
	at com.sales.app.shared.salesboundedcontext.sales.Material.isValid(Material.java:147)
	at com.sales.app.server.service.salesboundedcontext.sales.MaterialTestCase.validateMaterial(MaterialTestCase.java:218)
	at com.sales.app.server.service.salesboundedcontext.sales.MaterialTestCase.test5NegativeTesting(MaterialTestCase.java:249)
	at sun.reflect.NativeMethodAccessorImpl.invoke0(Native Method)
	at sun.reflect.NativeMethodAccessorImpl.invoke(NativeMethodAccessorImpl.java:57)
	at sun.reflect.DelegatingMethodAccessorImpl.invoke(DelegatingMethodAccessorImpl.java:43)
	at java.lang.reflect.Method.invoke(Method.java:606)
	at org.junit.runners.model.FrameworkMethod$1.runReflectiveCall(FrameworkMethod.java:47)
	at org.junit.internal.runners.model.ReflectiveCallable.run(ReflectiveCallable.java:12)
	at org.junit.runners.model.FrameworkMethod.invokeExplosively(FrameworkMethod.java:44)
	at org.junit.internal.runners.statements.InvokeMethod.evaluate(InvokeMethod.java:17)
	at org.junit.internal.runners.statements.RunBefores.evaluate(RunBefores.java:26)
	at org.springframework.test.context.junit4.statements.RunBeforeTestMethodCallbacks.evaluate(RunBeforeTestMethodCallbacks.java:74)
	at org.junit.internal.runners.statements.RunAfters.evaluate(RunAfters.java:27)
	at org.springframework.test.context.junit4.statements.RunAfterTestMethodCallbacks.evaluate(RunAfterTestMethodCallbacks.java:83)
	at org.springframework.test.context.junit4.statements.SpringRepeat.evaluate(SpringRepeat.java:72)
	at org.springframework.test.context.junit4.SpringJUnit4ClassRunner.runChild(SpringJUnit4ClassRunner.java:233)
	at org.springframework.test.context.junit4.SpringJUnit4ClassRunner.runChild(SpringJUnit4ClassRunner.java:87)
	at org.junit.runners.ParentRunner$3.run(ParentRunner.java:238)
	at org.junit.runners.ParentRunner$1.schedule(ParentRunner.java:63)
	at org.junit.runners.ParentRunner.runChildren(ParentRunner.java:236)
	at org.junit.runners.ParentRunner.access$000(ParentRunner.java:53)
	at org.junit.runners.ParentRunner$2.evaluate(ParentRunner.java:229)
	at org.junit.internal.runners.statements.RunBefores.evaluate(RunBefores.java:26)
	at org.springframework.test.context.junit4.statements.RunBeforeTestClassCallbacks.evaluate(RunBeforeTestClassCallbacks.java:61)
	at org.springframework.test.context.junit4.statements.RunAfterTestClassCallbacks.evaluate(RunAfterTestClassCallbacks.java:71)
	at org.junit.runners.ParentRunner.run(ParentRunner.java:309)
	at org.springframework.test.context.junit4.SpringJUnit4ClassRunner.run(SpringJUnit4ClassRunner.java:176)
	at org.gradle.api.internal.tasks.testing.junit.JUnitTestClassExecuter.runTestClass(JUnitTestClassExecuter.java:86)
	at org.gradle.api.internal.tasks.testing.junit.JUnitTestClassExecuter.execute(JUnitTestClassExecuter.java:49)
	at org.gradle.api.internal.tasks.testing.junit.JUnitTestClassProcessor.processTestClass(JUnitTestClassProcessor.java:64)
	at org.gradle.api.internal.tasks.testing.SuiteTestClassProcessor.processTestClass(SuiteTestClassProcessor.java:50)
	at sun.reflect.NativeMethodAccessorImpl.invoke0(Native Method)
	at sun.reflect.NativeMethodAccessorImpl.invoke(NativeMethodAccessorImpl.java:57)
	at sun.reflect.DelegatingMethodAccessorImpl.invoke(DelegatingMethodAccessorImpl.java:43)
	at java.lang.reflect.Method.invoke(Method.java:606)
	at org.gradle.messaging.dispatch.ReflectionDispatch.dispatch(ReflectionDispatch.java:35)
	at org.gradle.messaging.dispatch.ReflectionDispatch.dispatch(ReflectionDispatch.java:24)
	at org.gradle.messaging.dispatch.ContextClassLoaderDispatch.dispatch(ContextClassLoaderDispatch.java:32)
	at org.gradle.messaging.dispatch.ProxyDispatchAdapter$DispatchingInvocationHandler.invoke(ProxyDispatchAdapter.java:93)
	at com.sun.proxy.$Proxy2.processTestClass(Unknown Source)
	at org.gradle.api.internal.tasks.testing.worker.TestWorker.processTestClass(TestWorker.java:106)
	at sun.reflect.NativeMethodAccessorImpl.invoke0(Native Method)
	at sun.reflect.NativeMethodAccessorImpl.invoke(NativeMethodAccessorImpl.java:57)
	at sun.reflect.DelegatingMethodAccessorImpl.invoke(DelegatingMethodAccessorImpl.java:43)
	at java.lang.reflect.Method.invoke(Method.java:606)
	at org.gradle.messaging.dispatch.ReflectionDispatch.dispatch(ReflectionDispatch.java:35)
	at org.gradle.messaging.dispatch.ReflectionDispatch.dispatch(ReflectionDispatch.java:24)
	at org.gradle.messaging.remote.internal.hub.MessageHub$Handler.run(MessageHub.java:360)
	at org.gradle.internal.concurrent.DefaultExecutorFactory$StoppableExecutorImpl$1.run(DefaultExecutorFactory.java:64)
	at java.util.concurrent.ThreadPoolExecutor.runWorker(ThreadPoolExecutor.java:1145)
	at java.util.concurrent.ThreadPoolExecutor$Worker.run(ThreadPoolExecutor.java:615)
	at java.lang.Thread.run(Thread.java:745)
Material.materialdesc size must be between 0 and 64
java.lang.SecurityException: Material.materialdesc size must be between 0 and 64
	at com.athena.server.pluggable.utils.helper.EntityValidatorHelper.validateEntity(EntityValidatorHelper.java:37)
	at com.sales.app.shared.salesboundedcontext.sales.Material.isValid(Material.java:147)
	at com.sales.app.server.service.salesboundedcontext.sales.MaterialTestCase.validateMaterial(MaterialTestCase.java:216)
	at com.sales.app.server.service.salesboundedcontext.sales.MaterialTestCase.test5NegativeTesting(MaterialTestCase.java:254)
	at sun.reflect.NativeMethodAccessorImpl.invoke0(Native Method)
	at sun.reflect.NativeMethodAccessorImpl.invoke(NativeMethodAccessorImpl.java:57)
	at sun.reflect.DelegatingMethodAccessorImpl.invoke(DelegatingMethodAccessorImpl.java:43)
	at java.lang.reflect.Method.invoke(Method.java:606)
	at org.junit.runners.model.FrameworkMethod$1.runReflectiveCall(FrameworkMethod.java:47)
	at org.junit.internal.runners.model.ReflectiveCallable.run(ReflectiveCallable.java:12)
	at org.junit.runners.model.FrameworkMethod.invokeExplosively(FrameworkMethod.java:44)
	at org.junit.internal.runners.statements.InvokeMethod.evaluate(InvokeMethod.java:17)
	at org.junit.internal.runners.statements.RunBefores.evaluate(RunBefores.java:26)
	at org.springframework.test.context.junit4.statements.RunBeforeTestMethodCallbacks.evaluate(RunBeforeTestMethodCallbacks.java:74)
	at org.junit.internal.runners.statements.RunAfters.evaluate(RunAfters.java:27)
	at org.springframework.test.context.junit4.statements.RunAfterTestMethodCallbacks.evaluate(RunAfterTestMethodCallbacks.java:83)
	at org.springframework.test.context.junit4.statements.SpringRepeat.evaluate(SpringRepeat.java:72)
	at org.springframework.test.context.junit4.SpringJUnit4ClassRunner.runChild(SpringJUnit4ClassRunner.java:233)
	at org.springframework.test.context.junit4.SpringJUnit4ClassRunner.runChild(SpringJUnit4ClassRunner.java:87)
	at org.junit.runners.ParentRunner$3.run(ParentRunner.java:238)
	at org.junit.runners.ParentRunner$1.schedule(ParentRunner.java:63)
	at org.junit.runners.ParentRunner.runChildren(ParentRunner.java:236)
	at org.junit.runners.ParentRunner.access$000(ParentRunner.java:53)
	at org.junit.runners.ParentRunner$2.evaluate(ParentRunner.java:229)
	at org.junit.internal.runners.statements.RunBefores.evaluate(RunBefores.java:26)
	at org.springframework.test.context.junit4.statements.RunBeforeTestClassCallbacks.evaluate(RunBeforeTestClassCallbacks.java:61)
	at org.springframework.test.context.junit4.statements.RunAfterTestClassCallbacks.evaluate(RunAfterTestClassCallbacks.java:71)
	at org.junit.runners.ParentRunner.run(ParentRunner.java:309)
	at org.springframework.test.context.junit4.SpringJUnit4ClassRunner.run(SpringJUnit4ClassRunner.java:176)
	at org.gradle.api.internal.tasks.testing.junit.JUnitTestClassExecuter.runTestClass(JUnitTestClassExecuter.java:86)
	at org.gradle.api.internal.tasks.testing.junit.JUnitTestClassExecuter.execute(JUnitTestClassExecuter.java:49)
	at org.gradle.api.internal.tasks.testing.junit.JUnitTestClassProcessor.processTestClass(JUnitTestClassProcessor.java:64)
	at org.gradle.api.internal.tasks.testing.SuiteTestClassProcessor.processTestClass(SuiteTestClassProcessor.java:50)
	at sun.reflect.NativeMethodAccessorImpl.invoke0(Native Method)
	at sun.reflect.NativeMethodAccessorImpl.invoke(NativeMethodAccessorImpl.java:57)
	at sun.reflect.DelegatingMethodAccessorImpl.invoke(DelegatingMethodAccessorImpl.java:43)
	at java.lang.reflect.Method.invoke(Method.java:606)
	at org.gradle.messaging.dispatch.ReflectionDispatch.dispatch(ReflectionDispatch.java:35)
	at org.gradle.messaging.dispatch.ReflectionDispatch.dispatch(ReflectionDispatch.java:24)
	at org.gradle.messaging.dispatch.ContextClassLoaderDispatch.dispatch(ContextClassLoaderDispatch.java:32)
	at org.gradle.messaging.dispatch.ProxyDispatchAdapter$DispatchingInvocationHandler.invoke(ProxyDispatchAdapter.java:93)
	at com.sun.proxy.$Proxy2.processTestClass(Unknown Source)
	at org.gradle.api.internal.tasks.testing.worker.TestWorker.processTestClass(TestWorker.java:106)
	at sun.reflect.NativeMethodAccessorImpl.invoke0(Native Method)
	at sun.reflect.NativeMethodAccessorImpl.invoke(NativeMethodAccessorImpl.java:57)
	at sun.reflect.DelegatingMethodAccessorImpl.invoke(DelegatingMethodAccessorImpl.java:43)
	at java.lang.reflect.Method.invoke(Method.java:606)
	at org.gradle.messaging.dispatch.ReflectionDispatch.dispatch(ReflectionDispatch.java:35)
	at org.gradle.messaging.dispatch.ReflectionDispatch.dispatch(ReflectionDispatch.java:24)
	at org.gradle.messaging.remote.internal.hub.MessageHub$Handler.run(MessageHub.java:360)
	at org.gradle.internal.concurrent.DefaultExecutorFactory$StoppableExecutorImpl$1.run(DefaultExecutorFactory.java:64)
	at java.util.concurrent.ThreadPoolExecutor.runWorker(ThreadPoolExecutor.java:1145)
	at java.util.concurrent.ThreadPoolExecutor$Worker.run(ThreadPoolExecutor.java:615)
	at java.lang.Thread.run(Thread.java:745)
]]></system-err>
</testsuite>
