<?xml version="1.0" encoding="UTF-8"?>
<testsuite name="com.sales.app.server.service.salesboundedcontext.sales.UserAccessTestCase" tests="7" skipped="0" failures="0" errors="0" timestamp="2016-06-01T14:02:12" hostname="c96680859b64" time="4.448">
  <properties/>
  <testcase name="test1Save" classname="com.sales.app.server.service.salesboundedcontext.sales.UserAccessTestCase" time="1.819"/>
  <testcase name="test2Update" classname="com.sales.app.server.service.salesboundedcontext.sales.UserAccessTestCase" time="0.019"/>
  <testcase name="test3FindById" classname="com.sales.app.server.service.salesboundedcontext.sales.UserAccessTestCase" time="0.011"/>
  <testcase name="test3findByregion" classname="com.sales.app.server.service.salesboundedcontext.sales.UserAccessTestCase" time="0.011"/>
  <testcase name="test3findByuserId" classname="com.sales.app.server.service.salesboundedcontext.sales.UserAccessTestCase" time="0.011"/>
  <testcase name="test5NegativeTesting" classname="com.sales.app.server.service.salesboundedcontext.sales.UserAccessTestCase" time="0.007"/>
  <testcase name="test6Delete" classname="com.sales.app.server.service.salesboundedcontext.sales.UserAccessTestCase" time="2.568"/>
  <system-out><![CDATA[Wed Jun 01 14:02:12 UTC 2016|Log Manager Factory|Initialization Process started.....
Wed Jun 01 14:02:12 UTC 2016|Log Manager|Initialized with Path = [/home/applifire/workspace/salesdemo/src/main/webapp/WEB-INF/conf]
Wed Jun 01 14:02:12 UTC 2016|Alarm Manager|Initialized with Path = [/home/applifire/workspace/salesdemo/src/main/webapp/WEB-INF/conf]
Wed Jun 01 14:02:12 UTC 2016|Alarm Manager|Loading Alarms ......
Wed Jun 01 14:02:12 UTC 2016|Alarm XML Parser|FWA|XML Parsing Complete........ 
Wed Jun 01 14:02:12 UTC 2016|Alarm File Manager|FWA|Alarm File Status.. [ApplicationFrameworkAlarms.xml]|Version=15|Status=Done 
Wed Jun 01 14:02:12 UTC 2016|Alarm File Manager|FWA|Alarm Stats = ( BC/AL=4/564 SYS=4/10 [564/0]  TPL=0/0 [0/0]  APP= A.Map=[645]  E.Map EC/RC=[237/66] )
Wed Jun 01 14:02:12 UTC 2016|Alarm XML Parser|APP|XML Parsing Complete........ 
Wed Jun 01 14:02:12 UTC 2016|Alarm File Manager|APP|Alarm File Status.. [ApplicationAlarms.xml]|Version=1|Status=Done 
Wed Jun 01 14:02:12 UTC 2016|Alarm File Manager|APP|Alarm Stats = ( BC/AL=7/1050 SYS=4/10 [564/0]  TPL=0/0 [0/0]  APP=3/6 [486/0]  A.Map=[975]  E.Map EC/RC=[375/88] )
Wed Jun 01 14:02:12 UTC 2016|ApplicationAlarmContext| <><><><><> Create App Alarms ....  <><><><><> 
Wed Jun 01 14:02:12 UTC 2016|ApplicationAlarmContext|Alarms are generated ONLY in Development Mode.. 
Wed Jun 01 14:02:12 UTC 2016|Alarm Manager|APP|Alarm Stats = ( BC/AL=7/1050 SYS=4/10 [564/0]  TPL=0/0 [0/0]  APP=3/6 [486/0]  A.Map=[975]  E.Map EC/RC=[375/88] )
Wed Jun 01 14:02:12 UTC 2016|Alarm Manager|Initialized Exception Lookup...
Wed Jun 01 14:02:12 UTC 2016|Log Manager|Initialize Log Config File ......
Wed Jun 01 14:02:12 UTC 2016|Pluggable Connectors|Adding Connectors : StandardOutputConnector isEnabled=true isDefault=false isFallBack=true
Wed Jun 01 14:02:12 UTC 2016|Pluggable Connectors|Adding Connectors : StandardFileConnector isEnabled=true isDefault=false isFallBack=false
Wed Jun 01 14:02:12 UTC 2016|Pluggable Connectors|Adding Connectors : Sprinkler isEnabled=true isDefault=true isFallBack=false
Wed Jun 01 14:02:12 UTC 2016|Pluggable Connectors|Default Connector Name : com.spartan.logger.core.LogMessenger
Wed Jun 01 14:02:12 UTC 2016|Log Config Parser|Connector Least Log Level =[4]  FallBack Log Level =[3]
Wed Jun 01 14:02:12 UTC 2016|Log Manager|Loading Default Connector for Logging ......
Wed Jun 01 14:02:12 UTC 2016|Log Manager|Loading class .. com.spartan.logger.core.LogMessenger
Wed Jun 01 14:02:12 UTC 2016|Plugggable Connector|Connector class com.spartan.logger.core.LogMessenger Initialized... @ Log Level = 3
Wed Jun 01 14:02:12 UTC 2016|Log Manager|Starting the Default Connector [com.spartan.logger.core.LogMessenger@769d0166] ....
Wed Jun 01 14:02:12 UTC 2016|Scheduler|Starting the Scheduler ......
Wed Jun 01 14:02:12 UTC 2016|Scheduler|Adding [LMID=[f157ff5d-084f-4341-858b-080187cf4d8f]] Delay=5 Time Unit=MINUTES
Wed Jun 01 14:02:12 UTC 2016|Scheduler|Adding [App Alarm Manager File=[ApplicationAlarms.xml]] Delay=30 Time Unit=MINUTES
Wed Jun 01 14:02:12 UTC 2016|Scheduler|Adding [FW Alarm Manager File=[ApplicationFrameworkAlarms.xml]] Delay=3 Time Unit=MINUTES
Wed Jun 01 14:02:12 UTC 2016|Scheduler|Startup Completed..
Wed Jun 01 14:02:12 UTC 2016|Log Manager|Initialization Process Complete ......
Wed Jun 01 14:02:12 UTC 2016|Log Manager Factory|Log Manager READY! ID = f157ff5d-084f-4341-858b-080187cf4d8f
[EL Fine]: sql: 2016-06-01 14:02:12.098--ClientSession(1390979575)--Connection(1967072805)--Thread(Thread[Test worker,5,main])--INSERT INTO ast_SalesRegion_M (regioncode, regionname, versionId, createdBy, createdDate, updatedBy, updatedDate, activeStatus, txnAccessCode) VALUES (?, ?, ?, ?, ?, ?, ?, ?, ?)
	bind => [CAA74DDE-4E27-4A90-9F63-62AF74C15490, 1RkkqzdncUZaQE25AWHaacmktZyLnJjnQEusMkTkqEUon718Ke, 1, AAAAA, 2016-06-01 14:02:12.095, AAAAA, 2016-06-01 14:02:12.095, 1, 51000]
[EL Fine]: sql: 2016-06-01 14:02:12.472--ClientSession(1684169882)--Connection(1967072805)--Thread(Thread[Test worker,5,main])--INSERT INTO ast_UserAccessDomain_M (userAccessDomainId, domainDescription, domainHelp, domainIcon, domainName, userAccessDomain, versionId, createdBy, createdDate, updatedBy, updatedDate, activeStatus, txnAccessCode) VALUES (?, ?, ?, ?, ?, ?, ?, ?, ?, ?, ?, ?, ?)
	bind => [5C934508-31C4-4E49-859A-FAB04ED9B5D8, aQDEHDpaj9zDTHbK1dmZb4BH489Ycxa5WhmQGCc8GErlQjSdsL, jFUAyiiXq6QsuemCCDt2lvtwMKa9PAz4FKpW6dlD3DdFpCWj6P, yBTduGvZFuwx6eHdhRfbe2HHOB3vGmS8r4bovvvMMZ5MxXE6ra, MTwn0JktDK6Ksj5jvohLniPMVaGsYKG55FXqIj7k92IC9KXdAt, 87135, 1, AAAAA, 2016-06-01 14:02:12.469, AAAAA, 2016-06-01 14:02:12.469, 1, 51000]
[EL Fine]: sql: 2016-06-01 14:02:12.779--ClientSession(620246003)--Connection(1967072805)--Thread(Thread[Test worker,5,main])--INSERT INTO ast_UserAccessLevel_M (userAccessLevelId, levelDescription, levelHelp, levelIcon, levelName, userAccessLevel, versionId, createdBy, createdDate, updatedBy, updatedDate, activeStatus, txnAccessCode) VALUES (?, ?, ?, ?, ?, ?, ?, ?, ?, ?, ?, ?, ?)
	bind => [96CF5FAB-678A-4140-8561-5823DFAEF36D, X3kaLxz0h9s7UQqyQ4QSqtfgIAUPX9cj1aYKzsdL2w7O5rRPU3, jaoWE3t8mXfnlZsXQtGdHYaLNtDQJ2mSzbHVI92tRosfAN7UPf, e8ZeApoV2mtzcUQrfILrybpqM6YmSHmeUVKZsaqLcBmenlAmo3, YNtijfPYc8NTWWwRI0hkXZGEOfYKnlXFnKyMhvsxxsrBK6eDHR, 94060, 1, AAAAA, 2016-06-01 14:02:12.776, AAAAA, 2016-06-01 14:02:12.776, 1, 51000]
[EL Fine]: sql: 2016-06-01 14:02:13.071--ClientSession(1512820240)--Connection(1967072805)--Thread(Thread[Test worker,5,main])--INSERT INTO ast_Question_M (questionId, levelid, question, questionDetails, questionIcon, versionId, createdBy, createdDate, updatedBy, updatedDate, activeStatus, txnAccessCode) VALUES (?, ?, ?, ?, ?, ?, ?, ?, ?, ?, ?, ?)
	bind => [E93A2CEB-D911-49B6-8661-1B30554CCC66, 11, GFF7VCjLRKroCMs0IjJ1lK1ZlEWjZdZrPkHi5MqrcKdEN5smEq, mUFk3xTPZ5, EkeUkxMxQuPAMwmVz29iDjX5PumJJDFurh2qxa64itxfW52Kom, 1, AAAAA, 2016-06-01 14:02:13.067, AAAAA, 2016-06-01 14:02:13.067, 1, 51000]
[EL Fine]: sql: 2016-06-01 14:02:13.323--ClientSession(40158861)--Connection(1967072805)--Thread(Thread[Test worker,5,main])--INSERT INTO ast_User_T (userId, allowMultipleLogin, changePasswordNextLogin, genTempOneTimePassword, isDeleted, isLocked, lastPasswordChangeDate, multiFactorAuthEnabled, passwordAlgo, passwordExpiryDate, sessionTimeout, userAccessCode, userAccessDomainId, userAccessLevelId, versionId, createdBy, createdDate, updatedBy, updatedDate, activeStatus, txnAccessCode) VALUES (?, ?, ?, ?, ?, ?, ?, ?, ?, ?, ?, ?, ?, ?, ?, ?, ?, ?, ?, ?, ?)
	bind => [AE31CBAE-0D59-49AA-9DEA-1FC6A92C6452, 1, 1, 1, 1, 1, 2016-06-01 10:39:06.183, 1, ZB0caibml9xcUEWttM8mZ4eeH2RAEpb8havKrdWkO9bHZTqQSw, 2016-06-01 10:39:06.212, 1526, 40518, 5C934508-31C4-4E49-859A-FAB04ED9B5D8, 96CF5FAB-678A-4140-8561-5823DFAEF36D, 1, AAAAA, 2016-06-01 14:02:12.469, AAAAA, 2016-06-01 14:02:12.469, 1, 51000]
[EL Fine]: sql: 2016-06-01 14:02:13.324--ClientSession(40158861)--Connection(1967072805)--Thread(Thread[Test worker,5,main])--INSERT INTO ast_PassRecovery_TP (passRecoveryId, answer, questionId, versionId, createdBy, createdDate, updatedBy, updatedDate, activeStatus, txnAccessCode, userId) VALUES (?, ?, ?, ?, ?, ?, ?, ?, ?, ?, ?)
	bind => [B4CA8E82-4E86-44AD-93A2-BDAE34CA38FC, 8VipMh3oFoGjvxzOLzrHqf6xOirHScYVBXqGKv9Vr7C1bXCdbY, E93A2CEB-D911-49B6-8661-1B30554CCC66, 1, AAAAA, 2016-06-01 14:02:13.067, AAAAA, 2016-06-01 14:02:13.067, 1, 51000, AE31CBAE-0D59-49AA-9DEA-1FC6A92C6452]
[EL Fine]: sql: 2016-06-01 14:02:13.325--ClientSession(40158861)--Connection(1967072805)--Thread(Thread[Test worker,5,main])--INSERT INTO ast_UserData_TP (userDataId, last5Passwords, oneTimePassword, oneTimePasswordExpiry, oneTimePasswordGenDate, password, versionId, createdBy, createdDate, updatedBy, updatedDate, activeStatus, txnAccessCode, userId) VALUES (?, ?, ?, ?, ?, ?, ?, ?, ?, ?, ?, ?, ?, ?)
	bind => [F354F8B0-BE89-4D7D-A85E-57F790F0E9B9, xacnZuJmU05ufVvpwden99ooMyeTGKiID15cugu9uYK0TjhoAs, 4UDFsMlCfPjLIMlugS80PjMHr9gz8F6X, 7, 2016-06-01 10:39:06.396, tctKPeyaPIhKcz6zkBI3AZbzsb3gcfNsRuBcZrACSQAuUDyGyr, 1, AAAAA, 2016-06-01 14:02:13.318, AAAAA, 2016-06-01 14:02:13.318, 1, 51000, AE31CBAE-0D59-49AA-9DEA-1FC6A92C6452]
Setting logged in user info for ADD
[EL Fine]: sql: 2016-06-01 14:02:13.572--ClientSession(1904820722)--Connection(1967072805)--Thread(Thread[Test worker,5,main])--INSERT INTO ast_UserAccess_M (region, userId, versionId, createdBy, createdDate, updatedBy, updatedDate, activeStatus, txnAccessCode) VALUES (?, ?, ?, ?, ?, ?, ?, ?, ?)
	bind => [CAA74DDE-4E27-4A90-9F63-62AF74C15490, AE31CBAE-0D59-49AA-9DEA-1FC6A92C6452, 1, AAAAA, 2016-06-01 14:02:13.568, AAAAA, 2016-06-01 14:02:13.568, 1, 51000]
[EL Fine]: sql: 2016-06-01 14:02:13.574--ClientSession(1904820722)--Connection(1967072805)--Thread(Thread[Test worker,5,main])--SELECT LAST_INSERT_ID()
[EL Fine]: sql: 2016-06-01 14:02:13.896--ClientSession(1324585730)--Connection(1967072805)--Thread(Thread[Test worker,5,main])--SELECT userAccessId, region, userId, versionId, createdBy, createdDate, updatedBy, updatedDate, activeStatus, txnAccessCode FROM ast_UserAccess_M WHERE ((activeStatus = ?) AND (userAccessId = ?))
	bind => [1, 9]
Setting logged in user info for UPDATE
[EL Fine]: sql: 2016-06-01 14:02:13.902--ClientSession(1895038364)--Connection(1967072805)--Thread(Thread[Test worker,5,main])--SELECT userAccessId, region, userId, versionId, createdBy, createdDate, updatedBy, updatedDate, activeStatus, txnAccessCode FROM ast_UserAccess_M WHERE (userAccessId = ?)
	bind => [9]
[EL Fine]: sql: 2016-06-01 14:02:13.914--ClientSession(2058302763)--Connection(1967072805)--Thread(Thread[Test worker,5,main])--SELECT userAccessId, region, userId, versionId, createdBy, createdDate, updatedBy, updatedDate, activeStatus, txnAccessCode FROM ast_UserAccess_M WHERE ((activeStatus = ?) AND (userAccessId = ?))
	bind => [1, 9]
[EL Fine]: sql: 2016-06-01 14:02:13.925--ClientSession(868900310)--Connection(1967072805)--Thread(Thread[Test worker,5,main])--SELECT userAccessId, region, userId, versionId, createdBy, createdDate, updatedBy, updatedDate, activeStatus, txnAccessCode FROM ast_UserAccess_M WHERE ((activeStatus = ?) AND (region = ?))
	bind => [1, CAA74DDE-4E27-4A90-9F63-62AF74C15490]
[EL Fine]: sql: 2016-06-01 14:02:13.936--ClientSession(1437903156)--Connection(1967072805)--Thread(Thread[Test worker,5,main])--SELECT userAccessId, region, userId, versionId, createdBy, createdDate, updatedBy, updatedDate, activeStatus, txnAccessCode FROM ast_UserAccess_M WHERE ((activeStatus = ?) AND (userId = ?))
	bind => [1, AE31CBAE-0D59-49AA-9DEA-1FC6A92C6452]
[EL Fine]: sql: 2016-06-01 14:02:13.954--ClientSession(1622301481)--Connection(1967072805)--Thread(Thread[Test worker,5,main])--SELECT userAccessId, region, userId, versionId, createdBy, createdDate, updatedBy, updatedDate, activeStatus, txnAccessCode FROM ast_UserAccess_M WHERE (userAccessId = ?)
	bind => [9]
[EL Fine]: sql: 2016-06-01 14:02:13.956--ClientSession(1622301481)--Connection(1967072805)--Thread(Thread[Test worker,5,main])--DELETE FROM ast_UserAccess_M WHERE ((userAccessId = ?) AND (versionId = ?))
	bind => [9, 1]
[EL Fine]: sql: 2016-06-01 14:02:14.425--ClientSession(1523456564)--Connection(1967072805)--Thread(Thread[Test worker,5,main])--SELECT userId, allowMultipleLogin, changePasswordNextLogin, genTempOneTimePassword, isDeleted, isLocked, lastPasswordChangeDate, multiFactorAuthEnabled, passwordAlgo, passwordExpiryDate, sessionTimeout, userAccessCode, userAccessDomainId, userAccessLevelId, versionId, createdBy, createdDate, updatedBy, updatedDate, activeStatus, txnAccessCode FROM ast_User_T WHERE (userId = ?)
	bind => [AE31CBAE-0D59-49AA-9DEA-1FC6A92C6452]
[EL Fine]: sql: 2016-06-01 14:02:14.426--ClientSession(1523456564)--Connection(1967072805)--Thread(Thread[Test worker,5,main])--SELECT userDataId, last5Passwords, oneTimePassword, oneTimePasswordExpiry, oneTimePasswordGenDate, password, versionId, createdBy, createdDate, updatedBy, updatedDate, activeStatus, txnAccessCode, userId FROM ast_UserData_TP WHERE (userId = ?)
	bind => [AE31CBAE-0D59-49AA-9DEA-1FC6A92C6452]
[EL Fine]: sql: 2016-06-01 14:02:14.428--ClientSession(1523456564)--Connection(1967072805)--Thread(Thread[Test worker,5,main])--SELECT passRecoveryId, answer, questionId, versionId, createdBy, createdDate, updatedBy, updatedDate, activeStatus, txnAccessCode, userId FROM ast_PassRecovery_TP WHERE (userId = ?)
	bind => [AE31CBAE-0D59-49AA-9DEA-1FC6A92C6452]
[EL Fine]: sql: 2016-06-01 14:02:14.43--ClientSession(1523456564)--Connection(1967072805)--Thread(Thread[Test worker,5,main])--DELETE FROM ast_UserData_TP WHERE ((userDataId = ?) AND (versionId = ?))
	bind => [F354F8B0-BE89-4D7D-A85E-57F790F0E9B9, 1]
[EL Fine]: sql: 2016-06-01 14:02:14.431--ClientSession(1523456564)--Connection(1967072805)--Thread(Thread[Test worker,5,main])--DELETE FROM ast_PassRecovery_TP WHERE ((passRecoveryId = ?) AND (versionId = ?))
	bind => [B4CA8E82-4E86-44AD-93A2-BDAE34CA38FC, 1]
[EL Fine]: sql: 2016-06-01 14:02:14.431--ClientSession(1523456564)--Connection(1967072805)--Thread(Thread[Test worker,5,main])--DELETE FROM ast_User_T WHERE ((userId = ?) AND (versionId = ?))
	bind => [AE31CBAE-0D59-49AA-9DEA-1FC6A92C6452, 1]
[EL Fine]: sql: 2016-06-01 14:02:15.159--ClientSession(1748923574)--Connection(1967072805)--Thread(Thread[Test worker,5,main])--SELECT questionId, levelid, question, questionDetails, questionIcon, versionId, createdBy, createdDate, updatedBy, updatedDate, activeStatus, txnAccessCode FROM ast_Question_M WHERE (questionId = ?)
	bind => [E93A2CEB-D911-49B6-8661-1B30554CCC66]
[EL Fine]: sql: 2016-06-01 14:02:15.161--ClientSession(1748923574)--Connection(1967072805)--Thread(Thread[Test worker,5,main])--DELETE FROM ast_Question_M WHERE ((questionId = ?) AND (versionId = ?))
	bind => [E93A2CEB-D911-49B6-8661-1B30554CCC66, 1]
[EL Fine]: sql: 2016-06-01 14:02:15.282--ClientSession(2147462079)--Connection(1967072805)--Thread(Thread[Test worker,5,main])--SELECT userAccessLevelId, levelDescription, levelHelp, levelIcon, levelName, userAccessLevel, versionId, createdBy, createdDate, updatedBy, updatedDate, activeStatus, txnAccessCode FROM ast_UserAccessLevel_M WHERE (userAccessLevelId = ?)
	bind => [96CF5FAB-678A-4140-8561-5823DFAEF36D]
[EL Fine]: sql: 2016-06-01 14:02:15.284--ClientSession(2147462079)--Connection(1967072805)--Thread(Thread[Test worker,5,main])--DELETE FROM ast_UserAccessLevel_M WHERE ((userAccessLevelId = ?) AND (versionId = ?))
	bind => [96CF5FAB-678A-4140-8561-5823DFAEF36D, 1]
[EL Fine]: sql: 2016-06-01 14:02:15.449--ClientSession(1346886064)--Connection(1967072805)--Thread(Thread[Test worker,5,main])--SELECT userAccessDomainId, domainDescription, domainHelp, domainIcon, domainName, userAccessDomain, versionId, createdBy, createdDate, updatedBy, updatedDate, activeStatus, txnAccessCode FROM ast_UserAccessDomain_M WHERE (userAccessDomainId = ?)
	bind => [5C934508-31C4-4E49-859A-FAB04ED9B5D8]
[EL Fine]: sql: 2016-06-01 14:02:15.451--ClientSession(1346886064)--Connection(1967072805)--Thread(Thread[Test worker,5,main])--DELETE FROM ast_UserAccessDomain_M WHERE ((userAccessDomainId = ?) AND (versionId = ?))
	bind => [5C934508-31C4-4E49-859A-FAB04ED9B5D8, 1]
[EL Fine]: sql: 2016-06-01 14:02:15.732--ClientSession(592321384)--Connection(1967072805)--Thread(Thread[Test worker,5,main])--SELECT regioncode, regionname, versionId, createdBy, createdDate, updatedBy, updatedDate, activeStatus, txnAccessCode FROM ast_SalesRegion_M WHERE (regioncode = ?)
	bind => [CAA74DDE-4E27-4A90-9F63-62AF74C15490]
[EL Fine]: sql: 2016-06-01 14:02:15.735--ClientSession(592321384)--Connection(1967072805)--Thread(Thread[Test worker,5,main])--DELETE FROM ast_SalesRegion_M WHERE ((regioncode = ?) AND (versionId = ?))
	bind => [CAA74DDE-4E27-4A90-9F63-62AF74C15490, 1]
]]></system-out>
  <system-err><![CDATA[]]></system-err>
</testsuite>
